2024-09-17 04:30:04,734 INFO o.a.j.u.JMeterUtils: Setting Locale to en_EN
2024-09-17 04:30:04,751 INFO o.a.j.JMeter: Loading user properties from: D:\apache-jmeter-5.6.3\apache-jmeter-5.6.3\bin\user.properties
2024-09-17 04:30:04,751 INFO o.a.j.JMeter: Loading system properties from: D:\apache-jmeter-5.6.3\apache-jmeter-5.6.3\bin\system.properties
2024-09-17 04:30:04,756 INFO o.a.j.JMeter: Copyright (c) 1998-2024 The Apache Software Foundation
2024-09-17 04:30:04,756 INFO o.a.j.JMeter: Version 5.6.3
2024-09-17 04:30:04,756 INFO o.a.j.JMeter: java.version=17.0.12
2024-09-17 04:30:04,756 INFO o.a.j.JMeter: java.vm.name=Java HotSpot(TM) 64-Bit Server VM
2024-09-17 04:30:04,756 INFO o.a.j.JMeter: os.name=Windows 11
2024-09-17 04:30:04,756 INFO o.a.j.JMeter: os.arch=amd64
2024-09-17 04:30:04,757 INFO o.a.j.JMeter: os.version=10.0
2024-09-17 04:30:04,757 INFO o.a.j.JMeter: file.encoding=Cp1252
2024-09-17 04:30:04,757 INFO o.a.j.JMeter: java.awt.headless=true
2024-09-17 04:30:04,757 INFO o.a.j.JMeter: Max memory     =1073741824
2024-09-17 04:30:04,757 INFO o.a.j.JMeter: Available Processors =12
2024-09-17 04:30:04,764 INFO o.a.j.JMeter: Default Locale=English (EN)
2024-09-17 04:30:04,764 INFO o.a.j.JMeter: JMeter  Locale=English (EN)
2024-09-17 04:30:04,765 INFO o.a.j.JMeter: JMeterHome=D:\apache-jmeter-5.6.3\apache-jmeter-5.6.3
2024-09-17 04:30:04,765 INFO o.a.j.JMeter: user.dir  =D:\apache-jmeter-5.6.3\apache-jmeter-5.6.3\bin\Dmoney_jmeter
2024-09-17 04:30:04,765 INFO o.a.j.JMeter: PWD       =D:\apache-jmeter-5.6.3\apache-jmeter-5.6.3\bin\Dmoney_jmeter
2024-09-17 04:30:04,767 INFO o.a.j.JMeter: IP: 192.168.0.109 Name: DESKTOP-BQE5SC0 FullName: DESKTOP-BQE5SC0
2024-09-17 04:30:04,778 INFO o.a.j.JMeter: Setting property 'jmeter.reportgenerator.outputdir' to:'D:\apache-jmeter-5.6.3\apache-jmeter-5.6.3\bin\Dmoney_jmeter\.\Reports'
2024-09-17 04:30:04,780 INFO o.a.j.s.FileServer: Default base='D:\apache-jmeter-5.6.3\apache-jmeter-5.6.3\bin\Dmoney_jmeter'
2024-09-17 04:30:04,781 INFO o.a.j.s.FileServer: Set new base='D:\apache-jmeter-5.6.3\apache-jmeter-5.6.3\bin\Dmoney_jmeter\.'
2024-09-17 04:30:04,925 INFO o.a.j.s.SaveService: Testplan (JMX) version: 2.2. Testlog (JTL) version: 2.2
2024-09-17 04:30:04,941 INFO o.a.j.s.SaveService: Using SaveService properties version 5.0
2024-09-17 04:30:04,943 INFO o.a.j.s.SaveService: Using SaveService properties file encoding UTF-8
2024-09-17 04:30:04,946 INFO o.a.j.s.SaveService: Loading file: .\Dmoney_assignment.jmx
2024-09-17 04:30:04,987 INFO o.a.j.p.h.s.HTTPSamplerBase: Parser for text/html is org.apache.jmeter.protocol.http.parser.LagartoBasedHtmlParser
2024-09-17 04:30:04,987 INFO o.a.j.p.h.s.HTTPSamplerBase: Parser for application/xhtml+xml is org.apache.jmeter.protocol.http.parser.LagartoBasedHtmlParser
2024-09-17 04:30:04,987 INFO o.a.j.p.h.s.HTTPSamplerBase: Parser for application/xml is org.apache.jmeter.protocol.http.parser.LagartoBasedHtmlParser
2024-09-17 04:30:04,987 INFO o.a.j.p.h.s.HTTPSamplerBase: Parser for text/xml is org.apache.jmeter.protocol.http.parser.LagartoBasedHtmlParser
2024-09-17 04:30:04,987 INFO o.a.j.p.h.s.HTTPSamplerBase: Parser for text/vnd.wap.wml is org.apache.jmeter.protocol.http.parser.RegexpHTMLParser
2024-09-17 04:30:04,987 INFO o.a.j.p.h.s.HTTPSamplerBase: Parser for text/css is org.apache.jmeter.protocol.http.parser.CssParser
2024-09-17 04:30:05,053 INFO o.a.j.JMeter: Creating summariser <summary>
2024-09-17 04:30:05,056 INFO o.a.j.r.d.ReportGenerator: ReportGenerator will use for Parsing the separator: ','
2024-09-17 04:30:05,056 INFO o.a.j.r.d.ReportGenerator: Will generate report at end of test from  results file: .\Dmoney_assignment.jtl
2024-09-17 04:30:05,056 INFO o.a.j.r.d.ReportGenerator: Reading report generator properties from: D:\apache-jmeter-5.6.3\apache-jmeter-5.6.3\bin\reportgenerator.properties
2024-09-17 04:30:05,057 INFO o.a.j.r.d.ReportGenerator: Merging with JMeter properties
2024-09-17 04:30:05,060 INFO o.a.j.r.c.ReportGeneratorConfiguration: Property 'jmeter.reportgenerator.temp_dir' not found, using default value 'temp' instead.
2024-09-17 04:30:05,063 INFO o.a.j.r.c.ReportGeneratorConfiguration: Property 'jmeter.reportgenerator.apdex_per_transaction' not found, using default value 'null' instead.
2024-09-17 04:30:05,063 INFO o.a.j.r.c.ReportGeneratorConfiguration: apdex_per_transaction is empty, not APDEX per transaction customization
2024-09-17 04:30:05,063 INFO o.a.j.r.c.ReportGeneratorConfiguration: Property 'jmeter.reportgenerator.sample_filter' not found, using default value 'null' instead.
2024-09-17 04:30:05,063 INFO o.a.j.r.c.ReportGeneratorConfiguration: Property 'jmeter.reportgenerator.report_title' not found, using default value 'null' instead.
2024-09-17 04:30:05,063 INFO o.a.j.r.c.ReportGeneratorConfiguration: Property 'jmeter.reportgenerator.start_date' not found, using default value 'null' instead.
2024-09-17 04:30:05,063 INFO o.a.j.r.c.ReportGeneratorConfiguration: Property 'jmeter.reportgenerator.end_date' not found, using default value 'null' instead.
2024-09-17 04:30:05,063 INFO o.a.j.r.c.ReportGeneratorConfiguration: Property 'jmeter.reportgenerator.date_format' not found, using default value 'null' instead.
2024-09-17 04:30:05,063 INFO o.a.j.r.c.ReportGeneratorConfiguration: Will use date range start date: null, end date: null
2024-09-17 04:30:05,066 INFO o.a.j.r.c.ReportGeneratorConfiguration: Property 'jmeter.reportgenerator.graph.totalTPS.exclude_controllers' not found, using default value 'false' instead.
2024-09-17 04:30:05,066 INFO o.a.j.r.c.ReportGeneratorConfiguration: Property 'jmeter.reportgenerator.graph.activeThreadsOverTime.exclude_controllers' not found, using default value 'false' instead.
2024-09-17 04:30:05,066 INFO o.a.j.r.c.ReportGeneratorConfiguration: Property 'jmeter.reportgenerator.graph.timeVsThreads.exclude_controllers' not found, using default value 'false' instead.
2024-09-17 04:30:05,066 INFO o.a.j.r.c.ReportGeneratorConfiguration: Property 'jmeter.reportgenerator.graph.responseTimeDistribution.exclude_controllers' not found, using default value 'false' instead.
2024-09-17 04:30:05,066 INFO o.a.j.r.c.ReportGeneratorConfiguration: Property 'jmeter.reportgenerator.graph.transactionsPerSecond.exclude_controllers' not found, using default value 'false' instead.
2024-09-17 04:30:05,066 INFO o.a.j.r.c.ReportGeneratorConfiguration: Property 'jmeter.reportgenerator.graph.responseTimePercentiles.exclude_controllers' not found, using default value 'false' instead.
2024-09-17 04:30:05,067 INFO o.a.j.r.c.ReportGeneratorConfiguration: Property 'jmeter.reportgenerator.graph.responseTimePercentilesOverTime.exclude_controllers' not found, using default value 'false' instead.
2024-09-17 04:30:05,067 INFO o.a.j.r.c.ReportGeneratorConfiguration: Property 'jmeter.reportgenerator.graph.responseTimesOverTime.exclude_controllers' not found, using default value 'false' instead.
2024-09-17 04:30:05,067 INFO o.a.j.r.c.ReportGeneratorConfiguration: Property 'jmeter.reportgenerator.graph.connectTimeOverTime.exclude_controllers' not found, using default value 'false' instead.
2024-09-17 04:30:05,067 INFO o.a.j.r.c.ReportGeneratorConfiguration: Property 'jmeter.reportgenerator.graph.latenciesOverTime.exclude_controllers' not found, using default value 'false' instead.
2024-09-17 04:30:05,068 INFO o.a.j.r.c.ReportGeneratorConfiguration: Property 'jmeter.reportgenerator.exporter.json.filters_only_sample_series' not found, using default value 'true' instead.
2024-09-17 04:30:05,068 INFO o.a.j.r.c.ReportGeneratorConfiguration: Property 'jmeter.reportgenerator.exporter.json.series_filter' not found, using default value '' instead.
2024-09-17 04:30:05,068 INFO o.a.j.r.c.ReportGeneratorConfiguration: Property 'jmeter.reportgenerator.exporter.json.show_controllers_only' not found, using default value 'false' instead.
2024-09-17 04:30:05,068 INFO o.a.j.r.c.ReportGeneratorConfiguration: Property 'jmeter.reportgenerator.exporter.html.filters_only_sample_series' not found, using default value 'true' instead.
2024-09-17 04:30:05,068 INFO o.a.j.r.c.ReportGeneratorConfiguration: Property 'jmeter.reportgenerator.exporter.html.series_filter' not found, using default value '' instead.
2024-09-17 04:30:05,068 INFO o.a.j.r.c.ReportGeneratorConfiguration: Property 'jmeter.reportgenerator.exporter.html.show_controllers_only' not found, using default value 'false' instead.
2024-09-17 04:30:05,077 INFO o.a.j.e.StandardJMeterEngine: Running the test!
2024-09-17 04:30:05,077 INFO o.a.j.s.SampleEvent: List of sample_variables: []
2024-09-17 04:30:05,077 INFO o.a.j.s.SampleEvent: List of sample_variables: []
2024-09-17 04:30:05,081 INFO o.a.j.e.u.CompoundVariable: Note: Function class names must contain the string: '.functions.'
2024-09-17 04:30:05,081 INFO o.a.j.e.u.CompoundVariable: Note: Function class names must not contain the string: '.gui.'
2024-09-17 04:30:05,114 INFO o.a.j.r.ClassFinder: Will scan jar D:\apache-jmeter-5.6.3\apache-jmeter-5.6.3\lib\ext\javafaker-1.0.2.jar with filter ExtendsClassFilter [parents=[interface org.apache.jmeter.functions.Function], inner=false, contains=null, notContains=null]. Consider exposing JMeter plugins via META-INF/services, and add JMeter-Skip-Class-Scanning=true manifest attribute so JMeter can skip classfile scanning
2024-09-17 04:30:05,387 INFO o.a.j.JMeter: Running test (1726525805387)
2024-09-17 04:30:05,404 INFO o.a.j.e.StandardJMeterEngine: Starting ThreadGroup: 1 : Dmoney_assignment
2024-09-17 04:30:05,404 INFO o.a.j.e.StandardJMeterEngine: Starting 1 threads for group Dmoney_assignment.
2024-09-17 04:30:05,404 INFO o.a.j.e.StandardJMeterEngine: Thread will continue on error
2024-09-17 04:30:05,404 INFO o.a.j.t.ThreadGroup: Starting thread group... number=1 threads=1 ramp-up=1 delayedStart=false
2024-09-17 04:30:05,407 INFO o.a.j.t.ThreadGroup: Started thread group number 1
2024-09-17 04:30:05,407 INFO o.a.j.e.StandardJMeterEngine: Starting ThreadGroup: 2 : Deposit
2024-09-17 04:30:05,407 INFO o.a.j.e.StandardJMeterEngine: Starting 1 threads for group Deposit.
2024-09-17 04:30:05,408 INFO o.a.j.e.StandardJMeterEngine: Thread will continue on error
2024-09-17 04:30:05,408 INFO o.a.j.t.ThreadGroup: Starting thread group... number=2 threads=1 ramp-up=1 delayedStart=false
2024-09-17 04:30:05,408 INFO o.a.j.t.ThreadGroup: Started thread group number 2
2024-09-17 04:30:05,408 INFO o.a.j.e.StandardJMeterEngine: Starting ThreadGroup: 3 : SendMoney
2024-09-17 04:30:05,408 INFO o.a.j.e.StandardJMeterEngine: Starting 1 threads for group SendMoney.
2024-09-17 04:30:05,408 INFO o.a.j.e.StandardJMeterEngine: Thread will continue on error
2024-09-17 04:30:05,408 INFO o.a.j.t.ThreadGroup: Starting thread group... number=3 threads=1 ramp-up=1 delayedStart=false
2024-09-17 04:30:05,410 INFO o.a.j.t.ThreadGroup: Started thread group number 3
2024-09-17 04:30:05,410 INFO o.a.j.e.StandardJMeterEngine: Starting ThreadGroup: 4 : Payment
2024-09-17 04:30:05,410 INFO o.a.j.e.StandardJMeterEngine: Starting 1 threads for group Payment.
2024-09-17 04:30:05,410 INFO o.a.j.e.StandardJMeterEngine: Thread will continue on error
2024-09-17 04:30:05,410 INFO o.a.j.t.ThreadGroup: Starting thread group... number=4 threads=1 ramp-up=1 delayedStart=false
2024-09-17 04:30:05,410 INFO o.a.j.t.ThreadGroup: Started thread group number 4
2024-09-17 04:30:05,410 INFO o.a.j.e.StandardJMeterEngine: Starting ThreadGroup: 5 : Withdraw
2024-09-17 04:30:05,410 INFO o.a.j.e.StandardJMeterEngine: Starting 1 threads for group Withdraw.
2024-09-17 04:30:05,410 INFO o.a.j.e.StandardJMeterEngine: Thread will continue on error
2024-09-17 04:30:05,411 INFO o.a.j.t.ThreadGroup: Starting thread group... number=5 threads=1 ramp-up=120 delayedStart=false
2024-09-17 04:30:05,411 INFO o.a.j.t.ThreadGroup: Started thread group number 5
2024-09-17 04:30:05,411 INFO o.a.j.e.StandardJMeterEngine: All thread groups have been started
2024-09-17 04:30:05,416 INFO o.a.j.t.JMeterThread: Thread started: SendMoney 3-1
2024-09-17 04:30:05,416 INFO o.a.j.t.JMeterThread: Thread started: Dmoney_assignment 1-1
2024-09-17 04:30:05,416 INFO o.a.j.t.JMeterThread: Thread started: Payment 4-1
2024-09-17 04:30:05,416 INFO o.a.j.t.JMeterThread: Thread started: Deposit 2-1
2024-09-17 04:30:05,416 INFO o.a.j.t.JMeterThread: Thread started: Withdraw 5-1
2024-09-17 04:30:05,428 INFO o.a.j.p.h.s.HTTPHCAbstractImpl: Local host = DESKTOP-BQE5SC0
2024-09-17 04:30:05,433 INFO o.a.j.p.h.s.HTTPHC4Impl: HTTP request retry count = 0
2024-09-17 04:30:05,434 INFO o.a.j.s.SampleResult: Note: Sample TimeStamps are START times
2024-09-17 04:30:05,434 INFO o.a.j.s.SampleResult: sampleresult.default.encoding is set to UTF-8
2024-09-17 04:30:05,434 INFO o.a.j.s.SampleResult: sampleresult.useNanoTime=true
2024-09-17 04:30:05,434 INFO o.a.j.s.SampleResult: sampleresult.nanoThreadSleep=5000
2024-09-17 04:30:05,501 INFO o.a.j.p.h.s.h.LazyLayeredConnectionSocketFactory: Setting up HTTPS TrustAll Socket Factory
2024-09-17 04:30:05,506 INFO o.a.j.u.JsseSSLManager: Using default SSL protocol: TLS
2024-09-17 04:30:05,506 INFO o.a.j.u.JsseSSLManager: SSL session context: per-thread
2024-09-17 04:30:05,603 INFO o.a.j.u.SSLManager: JmeterKeyStore Location:  type JKS
2024-09-17 04:30:05,606 INFO o.a.j.u.SSLManager: KeyStore created OK
2024-09-17 04:30:05,606 WARN o.a.j.u.SSLManager: Keystore file not found, loading empty keystore
2024-09-17 04:30:48,804 INFO o.a.j.s.FileServer: Stored: D:/apache-jmeter-5.6.3/apache-jmeter-5.6.3/bin/Dmoney_jmeter/send_money.csv
2024-09-17 04:30:48,810 INFO o.a.j.s.FileServer: Stored: D:/apache-jmeter-5.6.3/apache-jmeter-5.6.3/bin/Dmoney_jmeter/withdraw.csv
2024-09-17 04:30:48,811 INFO o.a.j.s.FileServer: Stored: D:/apache-jmeter-5.6.3/apache-jmeter-5.6.3/bin/Dmoney_jmeter/deposit.csv
2024-09-17 04:30:48,811 INFO o.a.j.s.FileServer: Stored: D:/apache-jmeter-5.6.3/apache-jmeter-5.6.3/bin/Dmoney_jmeter/payment.csv
2024-09-17 04:31:44,489 INFO o.a.j.t.JMeterThread: Thread is done: Withdraw 5-1
2024-09-17 04:31:44,490 INFO o.a.j.t.JMeterThread: Thread finished: Withdraw 5-1
2024-09-17 04:31:44,588 INFO o.a.j.t.JMeterThread: Thread is done: Payment 4-1
2024-09-17 04:31:44,588 INFO o.a.j.t.JMeterThread: Thread finished: Payment 4-1
2024-09-17 04:31:44,855 INFO o.a.j.t.JMeterThread: Thread is done: SendMoney 3-1
2024-09-17 04:31:44,856 INFO o.a.j.t.JMeterThread: Thread finished: SendMoney 3-1
2024-09-17 04:31:44,946 INFO o.a.j.t.JMeterThread: Thread is done: Deposit 2-1
2024-09-17 04:31:44,946 INFO o.a.j.t.JMeterThread: Thread finished: Deposit 2-1
2024-09-17 04:31:45,654 INFO o.a.j.e.J.JSR223 PostProcessor: Extracted name: Agent_Santana
2024-09-17 04:31:45,654 INFO o.a.j.e.J.JSR223 PostProcessor: Extracted Email: agent.jonathon.hand@yahoo.com
2024-09-17 04:31:45,654 INFO o.a.j.e.J.JSR223 PostProcessor: Extracted phone: 01456402556
2024-09-17 04:31:45,714 INFO o.a.j.t.JMeterThread: Thread is done: Dmoney_assignment 1-1
2024-09-17 04:31:45,714 INFO o.a.j.t.JMeterThread: Thread finished: Dmoney_assignment 1-1
2024-09-17 04:31:45,715 INFO o.a.j.e.StandardJMeterEngine: Notifying test listeners of end of test
2024-09-17 04:31:45,715 INFO o.a.j.s.FileServer: Close: D:/apache-jmeter-5.6.3/apache-jmeter-5.6.3/bin/Dmoney_jmeter/withdraw.csv
2024-09-17 04:31:45,716 INFO o.a.j.s.FileServer: Close: D:/apache-jmeter-5.6.3/apache-jmeter-5.6.3/bin/Dmoney_jmeter/deposit.csv
2024-09-17 04:31:45,716 INFO o.a.j.s.FileServer: Close: D:/apache-jmeter-5.6.3/apache-jmeter-5.6.3/bin/Dmoney_jmeter/send_money.csv
2024-09-17 04:31:45,716 INFO o.a.j.s.FileServer: Close: D:/apache-jmeter-5.6.3/apache-jmeter-5.6.3/bin/Dmoney_jmeter/payment.csv
2024-09-17 04:31:45,720 INFO o.a.j.r.Summariser: summary =     37 in 00:01:40 =    0.4/s Avg: 13411 Min:    14 Max: 55561 Err:     0 (0.00%)
2024-09-17 04:36:51,536 INFO o.a.j.JMeter: Generating Dashboard
2024-09-17 04:36:51,536 INFO o.a.j.r.d.ReportGenerator: Flushing result collector before report Generation
2024-09-17 04:36:51,605 INFO o.a.j.r.p.NormalizerSampleConsumer: Using format, 'ms', to parse timeStamp field
2024-09-17 04:36:51,675 INFO o.a.j.r.p.AbstractSampleConsumer: class org.apache.jmeter.report.processor.AggregateConsumer#stopProducing(): beginDate produced 0 samples
2024-09-17 04:36:51,675 INFO o.a.j.r.p.AbstractSampleConsumer: class org.apache.jmeter.report.processor.AggregateConsumer#stopProducing(): endDate produced 0 samples
2024-09-17 04:36:51,677 INFO o.a.j.r.p.AbstractSampleConsumer: class org.apache.jmeter.report.processor.ApdexSummaryConsumer#stopProducing(): apdexSummary produced 0 samples
2024-09-17 04:36:51,677 INFO o.a.j.r.p.AbstractSampleConsumer: class org.apache.jmeter.report.processor.RequestsSummaryConsumer#stopProducing(): requestsSummary produced 0 samples
2024-09-17 04:36:51,680 INFO o.a.j.r.p.AbstractSampleConsumer: class org.apache.jmeter.report.processor.StatisticsSummaryConsumer#stopProducing(): statisticsSummary produced 0 samples
2024-09-17 04:36:51,682 INFO o.a.j.r.p.AbstractSampleConsumer: class org.apache.jmeter.report.processor.Top5ErrorsBySamplerConsumer#stopProducing(): top5ErrorsBySampler produced 0 samples
2024-09-17 04:36:51,682 INFO o.a.j.r.p.AbstractSampleConsumer: class org.apache.jmeter.report.processor.ErrorsSummaryConsumer#stopProducing(): errorsSummary produced 0 samples
2024-09-17 04:36:51,682 INFO o.a.j.r.p.AbstractSampleConsumer: class org.apache.jmeter.report.processor.graph.impl.HitsPerSecondGraphConsumer#stopProducing(): hitsPerSecond produced 0 samples
2024-09-17 04:36:51,786 INFO o.a.j.r.p.AbstractSampleConsumer: class org.apache.jmeter.report.processor.graph.impl.LatencyVSRequestGraphConsumer#stopProducing(): latencyVsRequest produced 0 samples
2024-09-17 04:36:51,786 INFO o.a.j.r.p.AbstractSampleConsumer: class org.apache.jmeter.report.processor.graph.impl.SyntheticResponseTimeDistributionGraphConsumer#stopProducing(): syntheticResponseTimeDistribution produced 0 samples
2024-09-17 04:36:51,787 INFO o.a.j.r.p.AbstractSampleConsumer: class org.apache.jmeter.report.processor.graph.impl.BytesThroughputGraphConsumer#stopProducing(): bytesThroughputOverTime produced 0 samples
2024-09-17 04:36:51,787 INFO o.a.j.r.p.AbstractSampleConsumer: class org.apache.jmeter.report.processor.graph.impl.CodesPerSecondGraphConsumer#stopProducing(): codesPerSecond produced 0 samples
2024-09-17 04:36:51,790 INFO o.a.j.r.p.AbstractSampleConsumer: class org.apache.jmeter.report.processor.graph.impl.ResponseTimeVSRequestGraphConsumer#stopProducing(): responseTimeVsRequest produced 0 samples
2024-09-17 04:36:51,790 INFO o.a.j.r.p.AbstractSampleConsumer: class org.apache.jmeter.report.processor.FilterConsumer#stopProducing(): startIntervalControlerFilter produced 259 samples
2024-09-17 04:36:51,790 INFO o.a.j.r.p.AbstractSampleConsumer: class org.apache.jmeter.report.processor.graph.impl.TotalTPSGraphConsumer#stopProducing(): totalTPS produced 0 samples
2024-09-17 04:36:51,790 INFO o.a.j.r.p.AbstractSampleConsumer: class org.apache.jmeter.report.processor.graph.impl.ActiveThreadsGraphConsumer#stopProducing(): activeThreadsOverTime produced 0 samples
2024-09-17 04:36:51,791 INFO o.a.j.r.p.AbstractSampleConsumer: class org.apache.jmeter.report.processor.graph.impl.TimeVSThreadGraphConsumer#stopProducing(): timeVsThreads produced 0 samples
2024-09-17 04:36:51,791 INFO o.a.j.r.p.AbstractSampleConsumer: class org.apache.jmeter.report.processor.graph.impl.ResponseTimeDistributionGraphConsumer#stopProducing(): responseTimeDistribution produced 0 samples
2024-09-17 04:36:51,791 INFO o.a.j.r.p.AbstractSampleConsumer: class org.apache.jmeter.report.processor.graph.impl.TransactionsPerSecondGraphConsumer#stopProducing(): transactionsPerSecond produced 0 samples
2024-09-17 04:36:51,791 INFO o.a.j.r.p.AbstractSampleConsumer: class org.apache.jmeter.report.processor.graph.impl.ResponseTimePercentilesGraphConsumer#stopProducing(): responseTimePercentiles produced 0 samples
2024-09-17 04:36:51,793 INFO o.a.j.r.p.AbstractSampleConsumer: class org.apache.jmeter.report.processor.graph.impl.ResponseTimePercentilesOverTimeGraphConsumer#stopProducing(): responseTimePercentilesOverTime produced 0 samples
2024-09-17 04:36:51,793 INFO o.a.j.r.p.AbstractSampleConsumer: class org.apache.jmeter.report.processor.graph.impl.ResponseTimeOverTimeGraphConsumer#stopProducing(): responseTimesOverTime produced 0 samples
2024-09-17 04:36:51,793 INFO o.a.j.r.p.AbstractSampleConsumer: class org.apache.jmeter.report.processor.graph.impl.ConnectTimeOverTimeGraphConsumer#stopProducing(): connectTimeOverTime produced 0 samples
2024-09-17 04:36:51,793 INFO o.a.j.r.p.AbstractSampleConsumer: class org.apache.jmeter.report.processor.graph.impl.LatencyOverTimeGraphConsumer#stopProducing(): latenciesOverTime produced 0 samples
2024-09-17 04:36:51,793 INFO o.a.j.r.p.AbstractSampleConsumer: class org.apache.jmeter.report.processor.FilterConsumer#stopProducing(): nameFilter produced 555 samples
2024-09-17 04:36:51,793 INFO o.a.j.r.p.AbstractSampleConsumer: class org.apache.jmeter.report.processor.FilterConsumer#stopProducing(): dateRangeFilter produced 111 samples
2024-09-17 04:36:51,793 INFO o.a.j.r.p.AbstractSampleConsumer: class org.apache.jmeter.report.processor.NormalizerSampleConsumer#stopProducing(): normalizer produced 37 samples
2024-09-17 04:36:51,794 INFO o.a.j.r.p.CsvFileSampleSource: produce(): 37 samples produced in 173ms on channel 0
2024-09-17 04:36:51,794 INFO o.a.j.r.d.ReportGenerator: Exporting data using exporter:'json' of className:'org.apache.jmeter.report.dashboard.JsonExporter'
2024-09-17 04:36:51,852 INFO o.a.j.r.d.JsonExporter: Found data for consumer statisticsSummary in context
2024-09-17 04:36:51,852 INFO o.a.j.r.d.JsonExporter: Creating statistics for overall
2024-09-17 04:36:51,852 INFO o.a.j.r.d.JsonExporter: Creating statistics for other transactions
2024-09-17 04:36:51,852 INFO o.a.j.r.d.JsonExporter: Checking output folder
2024-09-17 04:36:51,853 INFO o.a.j.r.d.JsonExporter: Writing statistics JSON to D:\apache-jmeter-5.6.3\apache-jmeter-5.6.3\bin\Dmoney_jmeter\.\Reports\statistics.json
2024-09-17 04:36:51,907 INFO o.a.j.r.d.ReportGenerator: Exporting data using exporter:'html' of className:'org.apache.jmeter.report.dashboard.HtmlTemplateExporter'
2024-09-17 04:36:51,909 INFO o.a.j.r.d.HtmlTemplateExporter: Will generate dashboard in folder: D:\apache-jmeter-5.6.3\apache-jmeter-5.6.3\bin\Dmoney_jmeter\.\Reports
2024-09-17 04:36:52,071 INFO o.a.j.r.d.HtmlTemplateExporter: Report will be generated in: D:\apache-jmeter-5.6.3\apache-jmeter-5.6.3\bin\Dmoney_jmeter\.\Reports, creating folder structure
2024-09-17 04:36:52,073 INFO o.a.j.r.d.TemplateVisitor: Copying folder from 'D:\apache-jmeter-5.6.3\apache-jmeter-5.6.3\bin\report-template' to 'D:\apache-jmeter-5.6.3\apache-jmeter-5.6.3\bin\Dmoney_jmeter\.\Reports', got message: D:\apache-jmeter-5.6.3\apache-jmeter-5.6.3\bin\Dmoney_jmeter\.\Reports, found non empty folder with following content [D:\apache-jmeter-5.6.3\apache-jmeter-5.6.3\bin\Dmoney_jmeter\.\Reports\statistics.json], will be ignored
2024-09-17 04:36:58,552 INFO o.a.j.JMeter: Dashboard generated
